1006_0	14.500	1006
1006_0	14.500	5993
1006_0	14.500	1026
1006_0	14.500	1061
1006_1	14.500	1006
1006_1	14.500	5993
1006_1	14.500	1026
1006_1	14.500	1057
1006_10	17.800	1006
1006_10	17.800	5993
1006_10	17.800	1016
1006_10	17.800	1026
1006_10	17.800	6162
1006_10	17.800	1057
1006_10	17.800	1061
1006_11	17.200	1006
1006_11	17.200	1026
1006_11	17.200	6162
1006_11	17.200	1057
1006_11	17.200	1061
1006_12	15.000	1006
1006_12	15.000	5993
1006_12	15.000	6162
1006_12	15.000	1057
1006_12	15.000	1061
1006_13	18.200	1006
1006_13	18.200	5993
1006_13	18.200	1026
1006_13	18.200	1027
1006_13	18.200	6338
1006_13	18.200	1057
1006_13	18.200	1061
1006_14	17.800	1006
1006_14	17.800	5993
1006_14	17.800	1016
1006_14	17.800	1026
1006_14	17.800	6338
1006_14	17.800	1057
1006_14	17.800	1061
1006_15	17.200	1006
1006_15	17.200	1026
1006_15	17.200	6338
1006_15	17.200	1057
1006_15	17.200	1061
1006_16	15.000	1006
1006_16	15.000	5993
1006_16	15.000	6338
1006_16	15.000	1057
1006_16	15.000	1061
1006_17	25.700	1006
1006_17	25.700	5993
1006_17	25.700	1016
1006_17	25.700	1026
1006_17	25.700	1027
1006_17	25.700	1057
1006_17	25.700	1061
1006_18	25.000	1006
1006_18	25.000	1026
1006_18	25.000	1027
1006_18	25.000	1057
1006_18	25.000	1061
1006_19	23.400	1006
1006_19	23.400	5993
1006_19	23.400	1027
1006_19	23.400	1057
1006_19	23.400	1061
1006_2	14.500	1006
1006_2	14.500	5993
1006_2	14.500	1026
1006_2	14.500	6162
1006_20	25.000	1006
1006_20	25.000	1016
1006_20	25.000	1026
1006_20	25.000	1057
1006_20	25.000	1061
1006_21	27.200	996
1006_21	27.200	1006
1006_21	27.200	5993
1006_21	27.200	1026
1006_21	27.200	1057
1006_21	27.200	1061
1006_22	23.400	1006
1006_22	23.400	5993
1006_22	23.400	1016
1006_22	23.400	1057
1006_22	23.400	1061
1006_23	22.800	1006
1006_23	22.800	1057
1006_23	22.800	1061
1006_24	16.300	1006
1006_24	16.300	5993
1006_24	16.300	1026
1006_24	16.300	1027
1006_24	16.300	6338
1006_24	16.300	6162
1006_24	16.300	1061
1006_25	15.900	1006
1006_25	15.900	5993
1006_25	15.900	1016
1006_25	15.900	1026
1006_25	15.900	6338
1006_25	15.900	6162
1006_25	15.900	1061
1006_26	15.300	1006
1006_26	15.300	1026
1006_26	15.300	6338
1006_26	15.300	6162
1006_26	15.300	1061
1006_27	13.100	1006
1006_27	13.100	5993
1006_27	13.100	6338
1006_27	13.100	6162
1006_27	13.100	1061
1006_3	10.900	1006
1006_3	10.900	5993
1006_3	10.900	1026
1006_3	10.900	6338
1006_4	6.800	1006
1006_4	6.800	5993
1006_4	6.800	1026
1006_4	6.800	1027
1006_5	6.400	1006
1006_5	6.400	5993
1006_5	6.400	1016
1006_5	6.400	1026
1006_6	5.700	1006
1006_6	5.700	1026
1006_7	3.600	1006
1006_7	3.600	5993
1006_8	22.000	1006
1006_8	22.000	5993
1006_8	22.000	1026
1006_8	22.000	6338
1006_8	22.000	6162
1006_8	22.000	1057
1006_8	22.000	1061
1006_9	18.200	1006
1006_9	18.200	5993
1006_9	18.200	1026
1006_9	18.200	1027
1006_9	18.200	6162
1006_9	18.200	1057
1006_9	18.200	1061
1016_0	13.700	5993
1016_0	13.700	1016
1016_0	13.700	1026
1016_0	13.700	1061
1016_1	13.700	5993
1016_1	13.700	1016
1016_1	13.700	1026
1016_1	13.700	1057
1016_10	17.800	1006
1016_10	17.800	5993
1016_10	17.800	1016
1016_10	17.800	1026
1016_10	17.800	6162
1016_10	17.800	1057
1016_10	17.800	1061
1016_11	14.200	1016
1016_11	14.200	1026
1016_11	14.200	6162
1016_11	14.200	1057
1016_11	14.200	1061
1016_12	14.200	5993
1016_12	14.200	1016
1016_12	14.200	6162
1016_12	14.200	1057
1016_12	14.200	1061
1016_13	17.400	5993
1016_13	17.400	1016
1016_13	17.400	1026
1016_13	17.400	1027
1016_13	17.400	6338
1016_13	17.400	1057
1016_13	17.400	1061
1016_14	17.800	1006
1016_14	17.800	5993
1016_14	17.800	1016
1016_14	17.800	1026
1016_14	17.800	6338
1016_14	17.800	1057
1016_14	17.800	1061
1016_15	14.200	1016
1016_15	14.200	1026
1016_15	14.200	6338
1016_15	14.200	1057
1016_15	14.200	1061
1016_16	14.200	5993
1016_16	14.200	1016
1016_16	14.200	6338
1016_16	14.200	1057
1016_16	14.200	1061
1016_17	25.700	1006
1016_17	25.700	5993
1016_17	25.700	1016
1016_17	25.700	1026
1016_17	25.700	1027
1016_17	25.700	1057
1016_17	25.700	1061
1016_18	22.300	1016
1016_18	22.300	1026
1016_18	22.300	1027
1016_18	22.300	1057
1016_18	22.300	1061
1016_19	22.300	5993
1016_19	22.300	1016
1016_19	22.300	1027
1016_19	22.300	1057