10	1.000000000000000	
100	0.000000000000000	
1000	3.399999999999977	
1001	2.899999999999977	
1002	3.399999999999977	
1003	0.000000000000000	
1004	0.000000000000000	
1005	0.000000000000000	
1006	1.581811525748136	
1007	2.799999999999955	
1008	3.199999999999932	
1009	669.899999999999977	
101	0.000000000000000	
1010	4.699999999999932	
1011	3.000000000000000	
1012	4.100000000000023	
1013	0.000000000000000	
1014	3.399999999999977	
1015	3.399999999999977	
1016	1.579179520629893	
1017	1.899999999999977	
1018	1.799999999999955	
1019	666.799999999999955	
102	2.000000000000000	
1020	2.799999999999955	
1021	1.600000000000023	
1022	3.500000000000000	
1023	2.199999999999932	
1024	0.000000000000000	
1025	2.199999999999932	
1026	1.567824625557619	
1027	1.579179520629893	
1028	4.199999999999932	
1029	2.699999999999932	
103	2.000000000000000	
1030	3.000000000000000	
1031	3.299999999999955	
1032	3.000000000000000	
1033	2.899999999999977	
1034	0.000000000000000	
1035	0.000000000000000	
1036	0.000000000000000	
1037	1.571854970694179	
1038	1.575786321221686	
1039	5.199999999999932	
104	2.000000000000000	
1040	3.799999999999955	
1041	6.199999999999932	
1042	5.600000000000023	
1043	5.299999999999955	
1044	1.500000000000000	
1045	660.799999999999955	
1046	660.799999999999955	
1047	0.000000000000000	
1049	1.011378595131319	
105	1.899999999999977	
1050	1.021257069882774	
1051	1.600000000000023	
1052	1.899999999999977	
1053	656.200000000000045	
1054	3.600000000000023	
1055	1.899999999999977	
1056	3.199999999999932	
1057	1.567607063387186	
1058	0.000000000000000	
1059	1.600000000000023	
106	1.899999999999977	
1060	1.600000000000023	
1061	1.567607063387186	
1062	3.199999999999932	
1063	3.799999999999955	
1064	4.000000000000000	
1065	2.000000000000000	
1066	3.100000000000023	
1067	4.000000000000000	
1068	1.006754743823489	
1069	0.000000000000000	
107	2.699999999999932	
1070	0.000000000000000	
1071	0.000000000000000	
1072	1.015882576346807	
1073	1.003056934349205	
1074	1.006754743823489	
1075	1.069882751149559	
1076	2.500000000000000	
1077	2.199999999999932	
1078	2.500000000000000	
1079	1.564347247502295	
108	0.000000000000000	
1080	1.563913117320133	
1081	2.199999999999932	
1082	2.000000000000000	
1083	2.199999999999932	
1084	2.500000000000000	
1085	2.500000000000000	
1086	0.000000000000000	
1087	1.001108851849091	
1088	1.554932024216412	
1089	1.560444405652825	
109	0.000000000000000	
1090	5.299999999999955	
1091	3.799999999999955	
1092	6.299999999999955	
1093	5.699999999999932	
1094	5.399999999999977	
1095	1.699999999999932	
1096	648.599999999999909	
1097	648.599999999999909	
1098	0.000000000000000	
1099	1.549439094925002	
11	1.600000000000023	
110	0.000000000000000	
1100	1.557956017166088	
1101	1.548794143622257	
1102	1.555579528722820	
1103	1.006614957063274	
1104	3.100000000000023	
1105	2.399999999999977	
1106	3.699999999999932	
1107	3.199999999999932	
1108	3.000000000000000	
1109	3.699999999999932	
111	1.699999999999932	
1110	0.000000000000000	
1111	0.000000000000000	
1112	0.000000000000000	
1113	1.550407024945536	
1114	1.554608372932792	
1115	1.006125855980480	
1116	2.799999999999955	
1117	2.399999999999977	
1118	3.399999999999977	
1119	2.000000000000000	
112	1.899999999999977	
1120	5.199999999999932	
1121	4.699999999999932	
1122	2.399999999999977	
1123	2.399999999999977	
1124	0.000000000000000	
1125	1.549976759277997	
1126	1.001873719099039	
1127	1.549654138305627	
1128	4.000000000000000	
1129	3.899999999999977	
113	0.000000000000000	
1130	4.500000000000000	
1131	1.549546612888896	
1132	3.399999999999977	
1133	4.799999999999955	
1134	4.199999999999932	
1135	0.000000000000000	
1136	0.000000000000000	
1137	0.000000000000000	
1138	1.539365609540871	
1139	1.899999999999977	
114	3.799999999999955	
1140	2.199999999999932	
1141	0.000000000000000	
1142	4.199999999999932	
1143	5.100000000000023	
1144	4.199999999999932	
1145	1.541396450475569	
1146	0.000000000000000	
1147	0.000000000000000	
1148	0.000000000000000	
1149	1.541396450475569	
115	4.699999999999932	
1150	1.015529982860148	
1151	1.542252341869252	
1152	1.539686090851373	
1153	4.100000000000023	
1154	4.899999999999977	
1155	4.399999999999977	
1156	4.299999999999955	
1157	3.899999999999977	
1158	4.799999999999955	
1159	0.000000000000000	
116	3.799999999999955	
1160	0.000000000000000	
1161	0.000000000000000	
1162	1.540861759315756	
1163	1.537017448448576	
1164	3.600000000000023	
1165	3.399999999999977	
1166	4.100000000000023	
1168	1.004381002375665	
1169	2.299999999999955	
117	0.000000000000000	
1170	5.500000000000000	
1171	5.100000000000023	
1173	3.399999999999977	
1174	3.399999999999977	
1175	0.000000000000000	
1176	1.899999999999977	
1177	0.000000000000000	
1178	2.199999999999932	
1179	1.533076334701899	
118	0.000000000000000	
1180	623.599999999999909	
1181	4.399999999999977	
1182	3.100000000000023	
1183	0.000000000000000	
1184	2.199999999999932	
1185	2.199999999999932	
1187	4.399999999999977	
1188	4.399999999999977	
1189	3.500000000000000	
119	0.000000000000000	
1190	1.531375197266555	
1191	5.699999999999932	
1192	4.299999999999955	
1193	5.000000000000000	
1194	4.399999999999977	
1195	0.000000000000000	
1196	4.399999999999977	
1197	1.525965395534247	
1198	2.399999999999977	
1199	3.600000000000023	
12	1.500000000000000	
120	1.500000000000000	
1200	2.100000000000023	
1201	3.299999999999955	
1202	2.799999999999955	
1203	3.299999999999955	
1204	0.000000000000000	
1205	0.000000000000000	
1206	0.000000000000000	
1207	1.524166373879683	
1208	1.522369470854169	
1209	4.899999999999977	
121	1.699999999999932	
1210	4.899999999999977	
1211	4.699999999999932	
1212	4.600000000000023	
1213	3.899999999999977	
1214	4.799999999999955	
1215	1.519730809882759	
1216	0.000000000000000	
1217	0.000000000000000	
1218	0.000000000000000	
1219	1.520574683962689	
122	2.199999999999932	
1220	4.100000000000023	
1221	2.600000000000023	
1222	2.799999999999955	
1223	3.399999999999977	
1224	3.500000000000000	
1225	2.799999999999955	
1226	0.000000000000000	
1227	0.000000000000000	
1228	0.000000000000000	
1229	1.515939161971408	
123	1.199999999999932	
1230	2.100000000000023	
1231	3.500000000000000	
1232	2.199999999999932	
1233	3.000000000000000	
1234	2.399999999999977	
1235	1.699999999999932	
1236	0.000000000000000	
1237	0.000000000000000	
1238	0.000000000000000	
1239	1.516570446429669	
124	1.500000000000000	
1241	1.516675686033500	
1242	1.513836775586475	
1243	1.515623618182564	
1244	1.899999999999977	
1245	2.100000000000023	
1246	605.799999999999955	
1247	2.600000000000023	
1248	1.600000000000023	
1249	3.000000000000000	
125	1.899999999999977	
1250	0.000000000000000	
1251	2.100000000000023	
1252	2.100000000000023	
1253	1.514257019733680	
1254	2.100000000000023	
1255	3.199999999999932	
1256	2.000000000000000	
1257	1.513206627793577	
1258	2.799999999999955	
1259	2.899999999999977	
126	1.500000000000000	
1260	2.899999999999977	
1261	1.512471786520761	
1262	0.000000000000000	
1263	0.000000000000000	
1264	0.000000000000000	
1265	1.015741524288023	
1266	2.399999999999977	
1267	2.399999999999977	
1268	2.399999999999977	
1269	1.511947118148666	
127	0.000000000000000	
1270	3.299999999999955	
1271	2.500000000000000	
1272	3.100000000000023	
1273	1.510164605205728	
1275	0.000000000000000	
1276	0.000000000000000	
1277	0.000000000000000	
1278	1.508384191450253	
1279	3.500000000000000	
128	1.500000000000000	
1280	2.100000000000023	
1281	2.299999999999955	
1282	1.699999999999932	
1283	2.299999999999955	
1284	2.699999999999932	
1285	0.000000000000000	
1286	0.000000000000000	
1287	0.000000000000000	
1288	1.506501332768255	
1289	1.506710423298513	
129	1.600000000000023	
1290	1.508070218510035	
1291	4.199999999999932	
1292	5.199999999999932	
1293	4.299999999999955	
1294	4.500000000000000	
1295	4.199999999999932	
1296	4.100000000000023	
1297	596.500000000000000	
1298	4.600000000000023	
1299	0.000000000000000	
13	847.899999999999977	
130	1.799999999999955	
1300	1.501804450900075	
1301	1.500137975869201	
1302	3.699999999999932	
1303	2.299999999999955	
1304	2.500000000000000	
1305	2.699999999999932	
1306	2.799999999999955	
1307	2.199999999999932	
1308	0.000000000000000	
1309	0.000000000000000	
131	833.199999999999932	
1310	0.000000000000000	
1311	1.500033882532361	
1312	1.005008801382763	
1313	1.001108851849091	
1314	1.500242076421491	
1315	1.018495569579912	
1316	1.499617581329503	
1317	1.021186168890542	
1318	1.004590225197162	
1319	1.500554421376066	
132	3.299999999999955	
1320	5.100000000000023	
1321	4.000000000000000	
1322	5.799999999999955	
1324	5.500000000000000	
1325	5.299999999999955	
1326	2.100000000000023	
1327	589.399999999999977	
1328	589.399999999999977	
1329	0.000000000000000	
133	1.799999999999955	
1330	1.493179650625886	
1331	1.496187496963145	
1332	1.494630959513271	
1333	2.699999999999932	
1334	3.899999999999977	
1335	2.399999999999977	
1336	1.494942137547563	
1337	1.495876059990566	
1338	1.494630959513271	
1339	3.600000000000023	
134	2.699999999999932	
1340	3.100000000000023	
1341	3.600000000000023	
1343	0.000000000000000	
1344	0.000000000000000	
1345	0.000000000000000	
1346	1.494942137547563	
1347	1.029586502932488	
1348	1.003614224146368	
1349	1.485634886879806	
135	0.000000000000000	
1350	1.490901865928481	
1351	4.399999999999977	
1352	4.199999999999932	
1353	4.399999999999977	
1354	4.799999999999955	
1355	4.799999999999955	
1356	5.100000000000023	
1357	0.000000000000000	
1358	0.000000000000000	
1359	0.000000000000000	
136	2.100000000000023	
1360	1.003265881809867	
1362	1.006195713035188	
1363	2.199999999999932	
1364	3.399999999999977	
1365	2.199999999999932	
1366	1.488937481563136	
1367	1.500000000000000	
1368	2.299999999999955	
1369	2.600000000000023	
137	2.100000000000023	
1370	1.490177844368535	
1371	0.000000000000000	
1372	0.000000000000000	
1373	0.000000000000000	
1374	1.489350821203036	
1375	1.001873719099039	
1376	1.488317686942477	
1377	1.003753594887834	
1378	1.485634886879806	
1379	1.799999999999955	
138	1.899999999999977	
1380	2.500000000000000	
1381	2.399999999999977	
1382	4.399999999999977	
1383	5.299999999999955	
1384	4.500000000000000	
1385	0.000000000000000	
1386	0.000000000000000	
1387	0.000000000000000	
1388	1.483780394007996	
1389	1.004171823056308	
139	1.699999999999932	
1390	4.000000000000000	
1391	3.199999999999932	
1392	4.199999999999932	
1393	1.004171823056308	
1394	1.482751119535485	
1395	4.000000000000000	
1396	4.000000000000000	
1397	4.699999999999932	
1398	1.004171823056308	
1399	3.799999999999955	
14	1.399999999999977	
140	831.399999999999977	
1400	3.799999999999955	
1401	0.000000000000000	
1402	1.483059826969637	
1403	1.481516931537755	
1404	1.479667573290576	
1405	1.483162743713825	
1406	1.023244294259580	
1407	2.100000000000023	
1408	1.899999999999977	
1409	573.399999999999977	
141	2.500000000000000	
1412	3.000000000000000	
1413	1.699999999999932	
1414	3.399999999999977	
1415	1.478230777920610	
1416	0.000000000000000	
1417	2.299999999999955	
1418	2.299999999999955	
142	2.299999999999955	
1420	1.479975639452640	
1421	1.478230777920610	
1422	1.480181052486093	
1423	1.479359571182410	
1424	1.480181052486093	
1425	1.899999999999977	
1426	2.899999999999977	
1427	1.899999999999977	
1428	4.899999999999977	
1429	4.399999999999977	
143	3.299999999999955	
1430	1.478641148620370	
1431	5.000000000000000	
1432	1.476385517135375	
1433	2.299999999999955	
1434	2.299999999999955	
1435	2.299999999999955	
1436	1.476590432437697	
1437	1.475566139939957	
1438	1.474031031801123	
1439	4.000000000000000	
144	0.500000000000000	
1440	3.799999999999955	
1441	4.500000000000000	
1442	1.476590432437697	
1443	2.500000000000000	
1444	5.899999999999977	
1445	5.399999999999977	
1446	1.019202935074650	
1447	3.799999999999955	
1448	0.000000000000000	
1449	3.799999999999955	
145	0.000000000000000	
1450	1.472804093952796	
1451	1.472599703512062	
1452	1.473315194035392	
1453	1.474031031801123	
1454	1.013980022428547	
1455	1.472497518916654	
1456	1.008363685172604	
1457	5.799999999999955	
1458	6.699999999999932	
1459	5.600000000000023	
146	0.500000000000000	
1460	1.474235620679845	
1461	6.100000000000023	
1462	5.799999999999955	
1463	5.799999999999955	
1464	1.472804093952796	
1465	1.473110732746053	
1466	563.299999999999955	
1467	6.000000000000000	
1468	0.000000000000000	
147	3.100000000000023	
1470	1.466786471133960	
1471	1.001317394175264	
1472	1.469027453638826	
