10	1.000000000000000	#
1000	3.399999999999977	#
1001	2.899999999999977	#
1002	3.399999999999977	#
1007	2.799999999999955	#
1008	3.199999999999932	#
1010	4.699999999999932	#
1011	3.000000000000000	#
1012	4.100000000000023	#
1014	3.399999999999977	#
1015	3.399999999999977	#
1017	1.899999999999977	#
1018	1.799999999999955	#
102	2.000000000000000	#
1020	2.799999999999955	#
1021	1.600000000000023	#
1022	3.500000000000000	#
1023	2.199999999999932	#
1025	2.199999999999932	#
1028	4.199999999999932	#
1029	2.699999999999932	#
103	2.000000000000000	#
1030	3.000000000000000	#
1031	3.299999999999955	#
1032	3.000000000000000	#
1033	2.899999999999977	#
1039	5.199999999999932	#
104	2.000000000000000	#
1040	3.799999999999955	#
1041	6.199999999999932	#
1042	5.600000000000023	#
1043	5.299999999999955	#
1044	1.500000000000000	#
105	1.899999999999977	#
1051	1.600000000000023	#
1052	1.899999999999977	#
1054	3.600000000000023	#
1055	1.899999999999977	#
1056	3.199999999999932	#
1059	1.600000000000023	#
106	1.899999999999977	#
1060	1.600000000000023	#
1062	3.199999999999932	#
1063	3.799999999999955	#
1064	4.000000000000000	#
1065	2.000000000000000	#
1066	3.100000000000023	#
1067	4.000000000000000	#
107	2.699999999999932	#
1076	2.500000000000000	#
1077	2.199999999999932	#
1078	2.500000000000000	#
1081	2.199999999999932	#
1082	2.000000000000000	#
1083	2.199999999999932	#
1084	2.500000000000000	#
1085	2.500000000000000	#
1090	5.299999999999955	#
1091	3.799999999999955	#
1092	6.299999999999955	#
1093	5.699999999999932	#
1094	5.399999999999977	#
1095	1.699999999999932	#
11	1.600000000000023	#
1104	3.100000000000023	#
1105	2.399999999999977	#
1106	3.699999999999932	#
1107	3.199999999999932	#
1108	3.000000000000000	#
1109	3.699999999999932	#
111	1.699999999999932	#
1116	2.799999999999955	#
1117	2.399999999999977	#
1118	3.399999999999977	#
1119	2.000000000000000	#
112	1.899999999999977	#
1120	5.199999999999932	#
1121	4.699999999999932	#
1122	2.399999999999977	#
1123	2.399999999999977	#
1128	4.000000000000000	#
1129	3.899999999999977	#
1130	4.500000000000000	#
1132	3.399999999999977	#
1133	4.799999999999955	#
1134	4.199999999999932	#
1139	1.899999999999977	#
114	3.799999999999955	#
1140	2.199999999999932	#
1142	4.199999999999932	#
1143	5.100000000000023	#
1144	4.199999999999932	#
115	4.699999999999932	#
1153	4.100000000000023	#
1154	4.899999999999977	#
1155	4.399999999999977	#
1156	4.299999999999955	#
1157	3.899999999999977	#
1158	4.799999999999955	#
116	3.799999999999955	#
1164	3.600000000000023	#
1165	3.399999999999977	#
1166	4.100000000000023	#
1169	2.299999999999955	#
1170	5.500000000000000	#
1171	5.100000000000023	#
1173	3.399999999999977	#
1174	3.399999999999977	#
1176	1.899999999999977	#
1178	2.199999999999932	#
1181	4.399999999999977	#
1182	3.100000000000023	#
1184	2.199999999999932	#
1185	2.199999999999932	#
1187	4.399999999999977	#
1188	4.399999999999977	#
1189	3.500000000000000	#
1191	5.699999999999932	#
1192	4.299999999999955	#
1193	5.000000000000000	#
1194	4.399999999999977	#
1196	4.399999999999977	#
1198	2.399999999999977	#
1199	3.600000000000023	#
12	1.500000000000000	#
120	1.500000000000000	#
1200	2.100000000000023	#
1201	3.299999999999955	#
1202	2.799999999999955	#
1203	3.299999999999955	#
1209	4.899999999999977	#
121	1.699999999999932	#
1210	4.899999999999977	#
1211	4.699999999999932	#
1212	4.600000000000023	#
1213	3.899999999999977	#
1214	4.799999999999955	#
122	2.199999999999932	#
1220	4.100000000000023	#
1221	2.600000000000023	#
1222	2.799999999999955	#
1223	3.399999999999977	#
1224	3.500000000000000	#
1225	2.799999999999955	#
123	1.199999999999932	#
1230	2.100000000000023	#
1231	3.500000000000000	#
1232	2.199999999999932	#
1233	3.000000000000000	#
1234	2.399999999999977	#
1235	1.699999999999932	#
124	1.500000000000000	#
1244	1.899999999999977	#
1245	2.100000000000023	#
1247	2.600000000000023	#
1248	1.600000000000023	#
1249	3.000000000000000	#
125	1.899999999999977	#
1251	2.100000000000023	#
1252	2.100000000000023	#
1254	2.100000000000023	#
1255	3.199999999999932	#
1256	2.000000000000000	#
1258	2.799999999999955	#
1259	2.899999999999